working in bioinfo namespace
	Command being timed: "/projects/bgmp/evew/bioinfo/Bi622/Demultiplex/Assignment-the-first/Part_1/Bi622_Pt1_Qscore_Dist.py -f /projects/bgmp/shared/2017_sequencing/demultiplexed/28_4D_mbnl_S20_L008_R1_001.fastq.gz -l 101 -o /projects/bgmp/evew/bioinfo/Bi623/QAA/pt1_output/demultiplex_output/28_4D_mbnl_S20_L008_R1_001"
	User time (seconds): 228.03
	System time (seconds): 1.28
	Percent of CPU this job got: 100%
	Elapsed (wall clock) time (h:mm:ss or m:ss): 3:49.27
	Average shared text size (kbytes): 0
	Average unshared data size (kbytes): 0
	Average stack size (kbytes): 0
	Average total size (kbytes): 0
	Maximum resident set size (kbytes): 62064
	Average resident set size (kbytes): 0
	Major (requiring I/O) page faults: 0
	Minor (reclaiming a frame) page faults: 41073
	Voluntary context switches: 643
	Involuntary context switches: 114232
	Swaps: 0
	File system inputs: 0
	File system outputs: 0
	Socket messages sent: 0
	Socket messages received: 0
	Signals delivered: 0
	Page size (bytes): 4096
	Exit status: 0
working in bioinfo namespace
	Command being timed: "/projects/bgmp/evew/bioinfo/Bi622/Demultiplex/Assignment-the-first/Part_1/Bi622_Pt1_Qscore_Dist.py -f /projects/bgmp/shared/2017_sequencing/demultiplexed/28_4D_mbnl_S20_L008_R2_001.fastq.gz -l 101 -o /projects/bgmp/evew/bioinfo/Bi623/QAA/pt1_output/demultiplex_output/28_4D_mbnl_S20_L008_R2_001"
	User time (seconds): 228.94
	System time (seconds): 1.26
	Percent of CPU this job got: 100%
	Elapsed (wall clock) time (h:mm:ss or m:ss): 3:49.82
	Average shared text size (kbytes): 0
	Average unshared data size (kbytes): 0
	Average stack size (kbytes): 0
	Average total size (kbytes): 0
	Maximum resident set size (kbytes): 61816
	Average resident set size (kbytes): 0
	Major (requiring I/O) page faults: 0
	Minor (reclaiming a frame) page faults: 41344
	Voluntary context switches: 560
	Involuntary context switches: 100906
	Swaps: 0
	File system inputs: 0
	File system outputs: 0
	Socket messages sent: 0
	Socket messages received: 0
	Signals delivered: 0
	Page size (bytes): 4096
	Exit status: 0
working in bioinfo namespace
	Command being timed: "/projects/bgmp/evew/bioinfo/Bi622/Demultiplex/Assignment-the-first/Part_1/Bi622_Pt1_Qscore_Dist.py -f /projects/bgmp/shared/2017_sequencing/demultiplexed/3_2B_control_S3_L008_R1_001.fastq.gz -l 101 -o /projects/bgmp/evew/bioinfo/Bi623/QAA/pt1_output/demultiplex_output/3_2B_control_S3_L008_R1_001"
	User time (seconds): 129.54
	System time (seconds): 1.26
	Percent of CPU this job got: 100%
	Elapsed (wall clock) time (h:mm:ss or m:ss): 2:09.91
	Average shared text size (kbytes): 0
	Average unshared data size (kbytes): 0
	Average stack size (kbytes): 0
	Average total size (kbytes): 0
	Maximum resident set size (kbytes): 61652
	Average resident set size (kbytes): 0
	Major (requiring I/O) page faults: 0
	Minor (reclaiming a frame) page faults: 38693
	Voluntary context switches: 561
	Involuntary context switches: 44
	Swaps: 0
	File system inputs: 0
	File system outputs: 0
	Socket messages sent: 0
	Socket messages received: 0
	Signals delivered: 0
	Page size (bytes): 4096
	Exit status: 0
working in bioinfo namespace
	Command being timed: "/projects/bgmp/evew/bioinfo/Bi622/Demultiplex/Assignment-the-first/Part_1/Bi622_Pt1_Qscore_Dist.py -f /projects/bgmp/shared/2017_sequencing/demultiplexed/3_2B_control_S3_L008_R2_001.fastq.gz -l 101 -o /projects/bgmp/evew/bioinfo/Bi623/QAA/pt1_output/demultiplex_output/3_2B_control_S3_L008_R2_001"
	User time (seconds): 128.03
	System time (seconds): 1.27
	Percent of CPU this job got: 100%
	Elapsed (wall clock) time (h:mm:ss or m:ss): 2:08.46
	Average shared text size (kbytes): 0
	Average unshared data size (kbytes): 0
	Average stack size (kbytes): 0
	Average total size (kbytes): 0
	Maximum resident set size (kbytes): 62180
	Average resident set size (kbytes): 0
	Major (requiring I/O) page faults: 0
	Minor (reclaiming a frame) page faults: 38891
	Voluntary context switches: 559
	Involuntary context switches: 46
	Swaps: 0
	File system inputs: 0
	File system outputs: 0
	Socket messages sent: 0
	Socket messages received: 0
	Signals delivered: 0
	Page size (bytes): 4096
	Exit status: 0
