	STAR --runThreadN 8 --runMode alignReads --outFilterMultimapNmax 3 --outSAMunmapped Within KeepPairs --alignIntronMax 1000000 --alignMatesGapMax 1000000 --readFilesIn /projects/bgmp/evew/bioinfo/Bi623/QAA/pt1_output/demultiplex_output/28_4D_mbnl_S20_L008_R1_001_paired_trimmed_out.fastq /projects/bgmp/evew/bioinfo/Bi623/QAA/pt1_output/demultiplex_output/28_4D_mbnl_S20_L008_R2_001_paired_trimmed_out.fastq --genomeDir /projects/bgmp/evew/bioinfo/Bi623/QAA/STAR/ --outFileNamePrefix /projects/bgmp/evew/bioinfo/QAA/STAR/Mouse_QAA_new_28_4D_mbnl_S20_L008_
	STAR version: 2.7.10b   compiled: 2022-11-01T09:53:26-04:00 :/home/dobin/data/STAR/STARcode/STAR.master/source
Sep 11 21:24:04 ..... started STAR run
Sep 11 21:24:04 ..... loading genome
Sep 11 21:24:30 ..... started mapping
Sep 11 21:25:47 ..... finished mapping
Sep 11 21:25:48 ..... finished successfully
	Command being timed: "STAR --runThreadN 8 --runMode alignReads --outFilterMultimapNmax 3 --outSAMunmapped Within KeepPairs --alignIntronMax 1000000 --alignMatesGapMax 1000000 --readFilesIn /projects/bgmp/evew/bioinfo/Bi623/QAA/pt1_output/demultiplex_output/28_4D_mbnl_S20_L008_R1_001_paired_trimmed_out.fastq /projects/bgmp/evew/bioinfo/Bi623/QAA/pt1_output/demultiplex_output/28_4D_mbnl_S20_L008_R2_001_paired_trimmed_out.fastq --genomeDir /projects/bgmp/evew/bioinfo/Bi623/QAA/STAR/ --outFileNamePrefix /projects/bgmp/evew/bioinfo/QAA/STAR/Mouse_QAA_new_28_4D_mbnl_S20_L008_"
	User time (seconds): 590.26
	System time (seconds): 10.28
	Percent of CPU this job got: 581%
	Elapsed (wall clock) time (h:mm:ss or m:ss): 1:43.22
	Average shared text size (kbytes): 0
	Average unshared data size (kbytes): 0
	Average stack size (kbytes): 0
	Average total size (kbytes): 0
	Maximum resident set size (kbytes): 27439964
	Average resident set size (kbytes): 0
	Major (requiring I/O) page faults: 0
	Minor (reclaiming a frame) page faults: 177262
	Voluntary context switches: 2938
	Involuntary context switches: 1045
	Swaps: 0
	File system inputs: 0
	File system outputs: 0
	Socket messages sent: 0
	Socket messages received: 0
	Signals delivered: 0
	Page size (bytes): 4096
	Exit status: 0
	STAR --runThreadN 8 --runMode alignReads --outFilterMultimapNmax 3 --outSAMunmapped Within KeepPairs --alignIntronMax 1000000 --alignMatesGapMax 1000000 --readFilesIn /projects/bgmp/evew/bioinfo/Bi623/QAA/pt1_output/demultiplex_output/3_2B_control_S3_L008_R1_001_paired_trimmed_out.fastq /projects/bgmp/evew/bioinfo/Bi623/QAA/pt1_output/demultiplex_output/3_2B_control_S3_L008_R2_001_paired_trimmed_out.fastq --genomeDir /projects/bgmp/evew/bioinfo/Bi623/QAA/STAR/ --outFileNamePrefix /projects/bgmp/evew/bioinfo/QAA/STAR/Mouse_QAA_new_3_2B_control_S3_L008_
	STAR version: 2.7.10b   compiled: 2022-11-01T09:53:26-04:00 :/home/dobin/data/STAR/STARcode/STAR.master/source
Sep 11 21:25:48 ..... started STAR run
Sep 11 21:25:48 ..... loading genome
Sep 11 21:26:03 ..... started mapping
Sep 11 21:26:47 ..... finished mapping
Sep 11 21:26:47 ..... finished successfully
	Command being timed: "STAR --runThreadN 8 --runMode alignReads --outFilterMultimapNmax 3 --outSAMunmapped Within KeepPairs --alignIntronMax 1000000 --alignMatesGapMax 1000000 --readFilesIn /projects/bgmp/evew/bioinfo/Bi623/QAA/pt1_output/demultiplex_output/3_2B_control_S3_L008_R1_001_paired_trimmed_out.fastq /projects/bgmp/evew/bioinfo/Bi623/QAA/pt1_output/demultiplex_output/3_2B_control_S3_L008_R2_001_paired_trimmed_out.fastq --genomeDir /projects/bgmp/evew/bioinfo/Bi623/QAA/STAR/ --outFileNamePrefix /projects/bgmp/evew/bioinfo/QAA/STAR/Mouse_QAA_new_3_2B_control_S3_L008_"
	User time (seconds): 323.98
	System time (seconds): 9.09
	Percent of CPU this job got: 558%
	Elapsed (wall clock) time (h:mm:ss or m:ss): 0:59.66
	Average shared text size (kbytes): 0
	Average unshared data size (kbytes): 0
	Average stack size (kbytes): 0
	Average total size (kbytes): 0
	Maximum resident set size (kbytes): 27385296
	Average resident set size (kbytes): 0
	Major (requiring I/O) page faults: 0
	Minor (reclaiming a frame) page faults: 141674
	Voluntary context switches: 1602
	Involuntary context switches: 517
	Swaps: 0
	File system inputs: 0
	File system outputs: 0
	Socket messages sent: 0
	Socket messages received: 0
	Signals delivered: 0
	Page size (bytes): 4096
	Exit status: 0
