Traceback (most recent call last):
  File "/projects/bgmp/evew/bioinfo/Bi623/QAA/pt1_output/demultiplex_output/qaa_pt2_plot.py", line 74, in <module>
    axes[0].bar(count_dict_r1.keys(), count_dict_r2.values())
  File "/projects/bgmp/evew/miniconda3/envs/QAA2/lib/python3.10/site-packages/matplotlib/__init__.py", line 1446, in inner
    return func(ax, *map(sanitize_sequence, args), **kwargs)
  File "/projects/bgmp/evew/miniconda3/envs/QAA2/lib/python3.10/site-packages/matplotlib/axes/_axes.py", line 2409, in bar
    x, height, width, y, linewidth, hatch = np.broadcast_arrays(
  File "/projects/bgmp/evew/miniconda3/envs/QAA2/lib/python3.10/site-packages/numpy/lib/stride_tricks.py", line 540, in broadcast_arrays
    shape = _broadcast_shape(*args)
  File "/projects/bgmp/evew/miniconda3/envs/QAA2/lib/python3.10/site-packages/numpy/lib/stride_tricks.py", line 422, in _broadcast_shape
    b = np.broadcast(*args[:32])
ValueError: shape mismatch: objects cannot be broadcast to a single shape.  Mismatch is between arg 0 with shape (68,) and arg 1 with shape (69,).
Command exited with non-zero status 1
	Command being timed: "/projects/bgmp/evew/bioinfo/Bi623/QAA/pt1_output/demultiplex_output/qaa_pt2_plot.py -r1 /projects/bgmp/evew/bioinfo/Bi623/QAA/pt1_output/demultiplex_output/28_4D_mbnl_S20_L008_R1_001_trimmed_out.fastq -r2 /projects/bgmp/evew/bioinfo/Bi623/QAA/pt1_output/demultiplex_output/28_4D_mbnl_S20_L008_R2_001_trimmed_out.fastq -o1 /projects/bgmp/evew/bioinfo/Bi623/QAA/pt1_output/demultiplex_output/28_4D_mbnl_S20_L008_R12"
	User time (seconds): 69.45
	System time (seconds): 53.70
	Percent of CPU this job got: 94%
	Elapsed (wall clock) time (h:mm:ss or m:ss): 2:09.74
	Average shared text size (kbytes): 0
	Average unshared data size (kbytes): 0
	Average stack size (kbytes): 0
	Average total size (kbytes): 0
	Maximum resident set size (kbytes): 55956
	Average resident set size (kbytes): 0
	Major (requiring I/O) page faults: 0
	Minor (reclaiming a frame) page faults: 18978
	Voluntary context switches: 7456
	Involuntary context switches: 54
	Swaps: 0
	File system inputs: 0
	File system outputs: 0
	Socket messages sent: 0
	Socket messages received: 0
	Signals delivered: 0
	Page size (bytes): 4096
	Exit status: 1
Traceback (most recent call last):
  File "/projects/bgmp/evew/bioinfo/Bi623/QAA/pt1_output/demultiplex_output/qaa_pt2_plot.py", line 74, in <module>
    axes[0].bar(count_dict_r1.keys(), count_dict_r2.values())
  File "/projects/bgmp/evew/miniconda3/envs/QAA2/lib/python3.10/site-packages/matplotlib/__init__.py", line 1446, in inner
    return func(ax, *map(sanitize_sequence, args), **kwargs)
  File "/projects/bgmp/evew/miniconda3/envs/QAA2/lib/python3.10/site-packages/matplotlib/axes/_axes.py", line 2409, in bar
    x, height, width, y, linewidth, hatch = np.broadcast_arrays(
  File "/projects/bgmp/evew/miniconda3/envs/QAA2/lib/python3.10/site-packages/numpy/lib/stride_tricks.py", line 540, in broadcast_arrays
    shape = _broadcast_shape(*args)
  File "/projects/bgmp/evew/miniconda3/envs/QAA2/lib/python3.10/site-packages/numpy/lib/stride_tricks.py", line 422, in _broadcast_shape
    b = np.broadcast(*args[:32])
ValueError: shape mismatch: objects cannot be broadcast to a single shape.  Mismatch is between arg 0 with shape (68,) and arg 1 with shape (69,).
Command exited with non-zero status 1
	Command being timed: "/projects/bgmp/evew/bioinfo/Bi623/QAA/pt1_output/demultiplex_output/qaa_pt2_plot.py -r1 /projects/bgmp/evew/bioinfo/Bi623/QAA/pt1_output/demultiplex_output/3_2B_control_S3_L008_R1_001_trimmed_out.fastq -r2 /projects/bgmp/evew/bioinfo/Bi623/QAA/pt1_output/demultiplex_output/3_2B_control_S3_L008_R2_001_trimmed_out.fastq -o1 /projects/bgmp/evew/bioinfo/Bi623/QAA/pt1_output/demultiplex_output/3_2B_control_S3_L008_R12"
	User time (seconds): 38.19
	System time (seconds): 31.55
	Percent of CPU this job got: 94%
	Elapsed (wall clock) time (h:mm:ss or m:ss): 1:13.89
	Average shared text size (kbytes): 0
	Average unshared data size (kbytes): 0
	Average stack size (kbytes): 0
	Average total size (kbytes): 0
	Maximum resident set size (kbytes): 51952
	Average resident set size (kbytes): 0
	Major (requiring I/O) page faults: 0
	Minor (reclaiming a frame) page faults: 19613
	Voluntary context switches: 1019479
	Involuntary context switches: 27
	Swaps: 0
	File system inputs: 0
	File system outputs: 0
	Socket messages sent: 0
	Socket messages received: 0
	Signals delivered: 0
	Page size (bytes): 4096
	Exit status: 1
