!!!!! WARNING:  Could not ls /projects/bgmp/evew/bioinfo/Bi623/QAA/pt1_output/demultiplex_output/28_4D_mbnl_S20_L008_R2_001_trimmed_out.fastq--genomeDir

EXITING: because of fatal INPUT file error: could not open read file: /projects/bgmp/evew/bioinfo/Bi623/QAA/pt1_output/demultiplex_output/28_4D_mbnl_S20_L008_R2_001_trimmed_out.fastq--genomeDir
SOLUTION: check that this file exists and has read permision.

Sep 11 14:56:39 ...... FATAL ERROR, exiting
Command exited with non-zero status 102
	Command being timed: "STAR --runThreadN 8 --runMode alignReads --outFilterMultimapNmax 3 --outSAMunmapped Within KeepPairs --alignIntronMax 1000000 --alignMatesGapMax 1000000 --readFilesCommand zcat --readFilesIn /projects/bgmp/evew/bioinfo/Bi623/QAA/pt1_output/demultiplex_output/28_4D_mbnl_S20_L008_R1_001_trimmed_out.fastq /projects/bgmp/evew/bioinfo/Bi623/QAA/pt1_output/demultiplex_output/28_4D_mbnl_S20_L008_R2_001_trimmed_out.fastq--genomeDir /projects/bgmp/evew/bioinfo/Bi623/QAA/STAR --outFileNamePrefix QAA_new_28_4D_mbnl_S20_L008_"
	User time (seconds): 0.00
	System time (seconds): 0.00
	Percent of CPU this job got: 11%
	Elapsed (wall clock) time (h:mm:ss or m:ss): 0:00.06
	Average shared text size (kbytes): 0
	Average unshared data size (kbytes): 0
	Average stack size (kbytes): 0
	Average total size (kbytes): 0
	Maximum resident set size (kbytes): 3280
	Average resident set size (kbytes): 0
	Major (requiring I/O) page faults: 0
	Minor (reclaiming a frame) page faults: 1141
	Voluntary context switches: 53
	Involuntary context switches: 0
	Swaps: 0
	File system inputs: 0
	File system outputs: 0
	Socket messages sent: 0
	Socket messages received: 0
	Signals delivered: 0
	Page size (bytes): 4096
	Exit status: 102
!!!!! WARNING:  Could not ls /projects/bgmp/evew/bioinfo/Bi623/QAA/pt1_output/demultiplex_output/28_4D_mbnl_S20_L008_R2_001_trimmed_out.fastq--genomeDir

EXITING: because of fatal INPUT file error: could not open read file: /projects/bgmp/evew/bioinfo/Bi623/QAA/pt1_output/demultiplex_output/28_4D_mbnl_S20_L008_R2_001_trimmed_out.fastq--genomeDir
SOLUTION: check that this file exists and has read permision.

Sep 11 14:56:39 ...... FATAL ERROR, exiting
Command exited with non-zero status 102
	Command being timed: "STAR --runThreadN 8 --runMode alignReads --outFilterMultimapNmax 3 --outSAMunmapped Within KeepPairs --alignIntronMax 1000000 --alignMatesGapMax 1000000 --readFilesCommand zcat --readFilesIn /projects/bgmp/evew/bioinfo/Bi623/QAA/pt1_output/demultiplex_output/3_2B_control_S3_L008_R1_001_trimmed_out.fastq /projects/bgmp/evew/bioinfo/Bi623/QAA/pt1_output/demultiplex_output/28_4D_mbnl_S20_L008_R2_001_trimmed_out.fastq--genomeDir /projects/bgmp/evew/bioinfo/Bi623/QAA/STAR --outFileNamePrefix QAA_new_3_2B_control_S3_L008_"
	User time (seconds): 0.00
	System time (seconds): 0.00
	Percent of CPU this job got: 60%
	Elapsed (wall clock) time (h:mm:ss or m:ss): 0:00.01
	Average shared text size (kbytes): 0
	Average unshared data size (kbytes): 0
	Average stack size (kbytes): 0
	Average total size (kbytes): 0
	Maximum resident set size (kbytes): 3312
	Average resident set size (kbytes): 0
	Major (requiring I/O) page faults: 0
	Minor (reclaiming a frame) page faults: 1141
	Voluntary context switches: 44
	Involuntary context switches: 0
	Swaps: 0
	File system inputs: 0
	File system outputs: 0
	Socket messages sent: 0
	Socket messages received: 0
	Signals delivered: 0
	Page size (bytes): 4096
	Exit status: 102
