	STAR --runThreadN 8 --runMode genomeGenerate --genomeDir /projects/bgmp/evew/bioinfo/Bi623/QAA/STAR/ --genomeFastaFiles /projects/bgmp/evew/bioinfo/Bi623/QAA/STAR/Mus_musculus.GRCm39.dna.primary_assembly.fa.gz --sjdbGTFfile /projects/bgmp/evew/bioinfo/Bi623/QAA/STAR/Mus_musculus.GRCm39.110.gtf.gz
	STAR version: 2.7.10b   compiled: 2022-11-01T09:53:26-04:00 :/home/dobin/data/STAR/STARcode/STAR.master/source
Sep 11 15:12:18 ..... started STAR run
Sep 11 15:12:18 ... starting to generate Genome files

EXITING because of INPUT ERROR: the file format of the genomeFastaFile: /projects/bgmp/evew/bioinfo/Bi623/QAA/STAR/Mus_musculus.GRCm39.dna.primary_assembly.fa.gz is not fasta: the first character is '' (31), not '>'.
 Solution: check formatting of the fasta file. Make sure the file is uncompressed (unzipped).

Sep 11 15:12:19 ...... FATAL ERROR, exiting
Command exited with non-zero status 104
	Command being timed: "STAR --runThreadN 8 --runMode genomeGenerate --genomeDir /projects/bgmp/evew/bioinfo/Bi623/QAA/STAR/ --genomeFastaFiles /projects/bgmp/evew/bioinfo/Bi623/QAA/STAR/Mus_musculus.GRCm39.dna.primary_assembly.fa.gz --sjdbGTFfile /projects/bgmp/evew/bioinfo/Bi623/QAA/STAR/Mus_musculus.GRCm39.110.gtf.gz"
	User time (seconds): 0.00
	System time (seconds): 0.00
	Percent of CPU this job got: 2%
	Elapsed (wall clock) time (h:mm:ss or m:ss): 0:00.04
	Average shared text size (kbytes): 0
	Average unshared data size (kbytes): 0
	Average stack size (kbytes): 0
	Average total size (kbytes): 0
	Maximum resident set size (kbytes): 1612
	Average resident set size (kbytes): 0
	Major (requiring I/O) page faults: 0
	Minor (reclaiming a frame) page faults: 423
	Voluntary context switches: 14
	Involuntary context switches: 0
	Swaps: 0
	File system inputs: 0
	File system outputs: 0
	Socket messages sent: 0
	Socket messages received: 0
	Signals delivered: 0
	Page size (bytes): 4096
	Exit status: 104
