{96: 23471, 61: 198307, 101: 7023183, 1: 3908466, 77: 8165, 62: 1398965, 89: 13190, 87: 12427, 97: 46938, 100: 204537, 98: 151762, 99: 23665, 78: 8681, 80: 9313, 85: 11517, 38: 763, 82: 10035, 55: 1783, 90: 13562, 86: 11902, 39: 744, 92: 14798, 84: 10871, 56: 1962, 42: 846, 72: 6075, 88: 12858, 71: 5683, 74: 7063, 52: 1481, 58: 2185, 68: 4714, 81: 9862, 75: 7150, 94: 16101, 95: 17117, 59: 2363, 73: 6691, 83: 10500, 91: 14725, 79: 9206, 60: 2722, 67: 4426, 36: 649, 93: 15151, 40: 739, 76: 7827, 63: 2320510, 69: 4929, 65: 3862, 66: 3928, 45: 923, 48: 1049, 57: 1987, 41: 813, 54: 1606, 37: 689, 70: 5363, 49: 1150, 44: 851, 64: 3478, 43: 844, 50: 1276, 47: 1013, 46: 1005, 53: 1504, 35: 613, 51: 1333}
{95: 20098, 61: 202341, 100: 397498, 1: 3908466, 76: 10643, 62: 1402819, 50: 4604, 38: 10691, 88: 14939, 99: 54905, 86: 14022, 96: 29410, 97: 60784, 98: 202628, 87: 14730, 90: 15874, 40: 7414, 77: 11345, 56: 5563, 80: 11753, 84: 12994, 37: 13233, 46: 4665, 57: 5697, 72: 9670, 81: 11917, 42: 5715, 59: 6282, 89: 15630, 36: 15758, 53: 5059, 78: 11094, 85: 13726, 79: 11556, 49: 4857, 41: 6037, 45: 4862, 51: 4781, 91: 16939, 35: 17560, 65: 7720, 101: 6480138, 64: 7482, 66: 7701, 74: 10198, 75: 10096, 71: 9560, 52: 4892, 58: 6159, 68: 8383, 44: 4982, 92: 17085, 94: 18392, 83: 12762, 82: 12403, 67: 8280, 70: 9097, 39: 7931, 43: 4963, 93: 17603, 63: 2324575, 48: 4683, 69: 8623, 73: 9938, 47: 4702, 60: 6616, 54: 5040, 55: 5304}
	Command being timed: "/projects/bgmp/evew/bioinfo/Bi623/QAA/pt1_output/demultiplex_output/qaa_pt2_plot.py -r1 /projects/bgmp/evew/bioinfo/Bi623/QAA/pt1_output/demultiplex_output/28_4D_mbnl_S20_L008_R1_001_paired_trimmed_out.fastq -r2 /projects/bgmp/evew/bioinfo/Bi623/QAA/pt1_output/demultiplex_output/28_4D_mbnl_S20_L008_R2_001_paired_trimmed_out.fastq -o1 /projects/bgmp/evew/bioinfo/Bi623/QAA/pt1_output/demultiplex_output/28_4D_mbnl_S20_L008_R12"
	User time (seconds): 15.62
	System time (seconds): 2.65
	Percent of CPU this job got: 87%
	Elapsed (wall clock) time (h:mm:ss or m:ss): 0:20.97
	Average shared text size (kbytes): 0
	Average unshared data size (kbytes): 0
	Average stack size (kbytes): 0
	Average total size (kbytes): 0
	Maximum resident set size (kbytes): 68372
	Average resident set size (kbytes): 0
	Major (requiring I/O) page faults: 0
	Minor (reclaiming a frame) page faults: 20745
	Voluntary context switches: 347
	Involuntary context switches: 14
	Swaps: 0
	File system inputs: 0
	File system outputs: 0
	Socket messages sent: 0
	Socket messages received: 0
	Signals delivered: 0
	Page size (bytes): 4096
	Exit status: 0
{101: 3965412, 61: 108177, 1: 2142673, 62: 766665, 100: 114392, 43: 418, 97: 21513, 95: 4491, 99: 13526, 44: 467, 98: 80574, 78: 1765, 90: 3400, 96: 8148, 87: 2631, 94: 3898, 76: 1511, 80: 1898, 69: 1084, 91: 3671, 45: 406, 67: 953, 73: 1470, 63: 1270054, 89: 3045, 93: 3670, 46: 454, 38: 348, 82: 2035, 86: 2612, 70: 1153, 40: 405, 81: 2027, 88: 2802, 42: 424, 77: 1685, 79: 1869, 85: 2422, 84: 2239, 71: 1253, 74: 1473, 39: 387, 75: 1484, 83: 2093, 58: 619, 92: 3531, 59: 619, 60: 677, 54: 541, 66: 918, 52: 492, 53: 542, 68: 1027, 37: 369, 41: 413, 48: 464, 47: 413, 57: 618, 51: 521, 64: 817, 72: 1392, 49: 462, 50: 467, 56: 621, 35: 287, 55: 600, 65: 859, 36: 346}
{100: 255491, 61: 110824, 78: 3723, 1: 2142673, 44: 3037, 62: 769348, 40: 4323, 56: 3040, 96: 11388, 87: 4442, 99: 36723, 97: 29622, 82: 3841, 54: 2914, 35: 9564, 36: 8703, 98: 106532, 45: 2965, 70: 3775, 37: 7438, 94: 5710, 72: 3815, 77: 3827, 89: 4793, 39: 4495, 101: 3600189, 90: 5131, 63: 1272752, 95: 6801, 41: 3723, 58: 3324, 86: 4340, 71: 3799, 38: 6001, 64: 3564, 69: 3554, 76: 3539, 59: 3276, 91: 5463, 83: 3924, 67: 3608, 75: 3563, 68: 3635, 88: 4556, 92: 5298, 51: 2834, 74: 3554, 81: 3693, 48: 2892, 43: 2983, 65: 3473, 93: 5490, 42: 3297, 52: 2887, 55: 2991, 85: 4283, 80: 3719, 79: 3727, 73: 3700, 66: 3451, 57: 3138, 53: 2840, 47: 2832, 84: 3928, 60: 3442, 49: 2826, 50: 2799, 46: 2867}
	Command being timed: "/projects/bgmp/evew/bioinfo/Bi623/QAA/pt1_output/demultiplex_output/qaa_pt2_plot.py -r1 /projects/bgmp/evew/bioinfo/Bi623/QAA/pt1_output/demultiplex_output/3_2B_control_S3_L008_R1_001_paired_trimmed_out.fastq -r2 /projects/bgmp/evew/bioinfo/Bi623/QAA/pt1_output/demultiplex_output/3_2B_control_S3_L008_R2_001_paired_trimmed_out.fastq -o1 /projects/bgmp/evew/bioinfo/Bi623/QAA/pt1_output/demultiplex_output/3_2B_control_S3_L008_R12"
	User time (seconds): 9.22
	System time (seconds): 1.93
	Percent of CPU this job got: 84%
	Elapsed (wall clock) time (h:mm:ss or m:ss): 0:13.25
	Average shared text size (kbytes): 0
	Average unshared data size (kbytes): 0
	Average stack size (kbytes): 0
	Average total size (kbytes): 0
	Maximum resident set size (kbytes): 64404
	Average resident set size (kbytes): 0
	Major (requiring I/O) page faults: 0
	Minor (reclaiming a frame) page faults: 21214
	Voluntary context switches: 359
	Involuntary context switches: 10
	Swaps: 0
	File system inputs: 0
	File system outputs: 0
	Socket messages sent: 0
	Socket messages received: 0
	Signals delivered: 0
	Page size (bytes): 4096
	Exit status: 0
