	STAR --runThreadN 8 --runMode genomeGenerate --genomeDir /projects/bgmp/evew/bioinfo/Bi623/QAA/STAR/ --genomeFastaFiles /projects/bgmp/evew/bioinfo/Bi623/QAA/STAR/Mus_musculus.GRCm39.dna.primary_assembly.fa --sjdbGTFfile /projects/bgmp/evew/bioinfo/Bi623/QAA/STAR/Mus_musculus.GRCm39.110.gtf
	STAR version: 2.7.10b   compiled: 2022-11-01T09:53:26-04:00 :/home/dobin/data/STAR/STARcode/STAR.master/source
Sep 11 15:16:46 ..... started STAR run
Sep 11 15:16:46 ... starting to generate Genome files
Sep 11 15:17:21 ..... processing annotations GTF
Sep 11 15:17:40 ... starting to sort Suffix Array. This may take a long time...
Sep 11 15:17:49 ... sorting Suffix Array chunks and saving them to disk...
Sep 11 15:25:53 ... loading chunks from disk, packing SA...
Sep 11 15:27:09 ... finished generating suffix array
Sep 11 15:27:09 ... generating Suffix Array index
Sep 11 15:29:33 ... completed Suffix Array index
Sep 11 15:29:33 ..... inserting junctions into the genome indices
Sep 11 15:32:00 ... writing Genome to disk ...
Sep 11 15:32:00 ... writing Suffix Array to disk ...
Sep 11 15:32:12 ... writing SAindex to disk
Sep 11 15:32:13 ..... finished successfully
	Command being timed: "STAR --runThreadN 8 --runMode genomeGenerate --genomeDir /projects/bgmp/evew/bioinfo/Bi623/QAA/STAR/ --genomeFastaFiles /projects/bgmp/evew/bioinfo/Bi623/QAA/STAR/Mus_musculus.GRCm39.dna.primary_assembly.fa --sjdbGTFfile /projects/bgmp/evew/bioinfo/Bi623/QAA/STAR/Mus_musculus.GRCm39.110.gtf"
	User time (seconds): 4397.41
	System time (seconds): 48.50
	Percent of CPU this job got: 479%
	Elapsed (wall clock) time (h:mm:ss or m:ss): 15:26.95
	Average shared text size (kbytes): 0
	Average unshared data size (kbytes): 0
	Average stack size (kbytes): 0
	Average total size (kbytes): 0
	Maximum resident set size (kbytes): 32382640
	Average resident set size (kbytes): 0
	Major (requiring I/O) page faults: 0
	Minor (reclaiming a frame) page faults: 22454839
	Voluntary context switches: 18741
	Involuntary context switches: 4021
	Swaps: 0
	File system inputs: 0
	File system outputs: 0
	Socket messages sent: 0
	Socket messages received: 0
	Signals delivered: 0
	Page size (bytes): 4096
	Exit status: 0
