	STAR --runThreadN 8 --runMode genomeGenerate --genomeDir /projects/bgmp/evew/bioinfo/Bi623/QAA/STAR/ --genomeFastaFiles /projects/bgmp/evew/bioinfo/Bi623/QAA/STAR/Mus_musculus.GRCm39.dna.primary_assembly.fa --sjdbGTFfile /projects/bgmp/evew/bioinfo/Bi623/QAA/STAR/Mus_musculus.GRCm39.110.gtf
	STAR version: 2.7.10b   compiled: 2022-11-01T09:53:26-04:00 :/home/dobin/data/STAR/STARcode/STAR.master/source
Sep 11 15:49:24 ..... started STAR run
Sep 11 15:49:24 ... starting to generate Genome files
Sep 11 15:50:01 ..... processing annotations GTF
Sep 11 15:50:20 ... starting to sort Suffix Array. This may take a long time...
Sep 11 15:50:30 ... sorting Suffix Array chunks and saving them to disk...
Sep 11 15:58:31 ... loading chunks from disk, packing SA...
Sep 11 15:59:23 ... finished generating suffix array
Sep 11 15:59:23 ... generating Suffix Array index
Sep 11 16:01:47 ... completed Suffix Array index
Sep 11 16:01:47 ..... inserting junctions into the genome indices
Sep 11 16:04:10 ... writing Genome to disk ...
Sep 11 16:04:11 ... writing Suffix Array to disk ...
Sep 11 16:04:20 ... writing SAindex to disk
Sep 11 16:04:20 ..... finished successfully
	Command being timed: "STAR --runThreadN 8 --runMode genomeGenerate --genomeDir /projects/bgmp/evew/bioinfo/Bi623/QAA/STAR/ --genomeFastaFiles /projects/bgmp/evew/bioinfo/Bi623/QAA/STAR/Mus_musculus.GRCm39.dna.primary_assembly.fa --sjdbGTFfile /projects/bgmp/evew/bioinfo/Bi623/QAA/STAR/Mus_musculus.GRCm39.110.gtf"
	User time (seconds): 4368.31
	System time (seconds): 47.75
	Percent of CPU this job got: 492%
	Elapsed (wall clock) time (h:mm:ss or m:ss): 14:56.63
	Average shared text size (kbytes): 0
	Average unshared data size (kbytes): 0
	Average stack size (kbytes): 0
	Average total size (kbytes): 0
	Maximum resident set size (kbytes): 32380040
	Average resident set size (kbytes): 0
	Major (requiring I/O) page faults: 0
	Minor (reclaiming a frame) page faults: 22070067
	Voluntary context switches: 17353
	Involuntary context switches: 7608
	Swaps: 0
	File system inputs: 0
	File system outputs: 0
	Socket messages sent: 0
	Socket messages received: 0
	Signals delivered: 0
	Page size (bytes): 4096
	Exit status: 0
