                                 Started job on |	Sep 11 21:24:04
                             Started mapping on |	Sep 11 21:24:30
                                    Finished on |	Sep 11 21:25:48
       Mapping speed, Million of reads per hour |	541.17

                          Number of input reads |	11725400
                      Average input read length |	198
                                    UNIQUE READS:
                   Uniquely mapped reads number |	10801770
                        Uniquely mapped reads % |	92.12%
                          Average mapped length |	197.68
                       Number of splices: Total |	8063419
            Number of splices: Annotated (sjdb) |	8012517
                       Number of splices: GT/AG |	7976535
                       Number of splices: GC/AG |	67671
                       Number of splices: AT/AC |	8786
               Number of splices: Non-canonical |	10427
                      Mismatch rate per base, % |	0.27%
                         Deletion rate per base |	0.01%
                        Deletion average length |	3.39
                        Insertion rate per base |	0.01%
                       Insertion average length |	1.95
                             MULTI-MAPPING READS:
        Number of reads mapped to multiple loci |	539378
             % of reads mapped to multiple loci |	4.60%
        Number of reads mapped to too many loci |	85616
             % of reads mapped to too many loci |	0.73%
                                  UNMAPPED READS:
  Number of reads unmapped: too many mismatches |	0
       % of reads unmapped: too many mismatches |	0.00%
            Number of reads unmapped: too short |	293040
                 % of reads unmapped: too short |	2.50%
                Number of reads unmapped: other |	5596
                     % of reads unmapped: other |	0.05%
                                  CHIMERIC READS:
                       Number of chimeric reads |	0
                            % of chimeric reads |	0.00%
