Number of mapped reads: 22657634
Number of unmapped reads: 793166
	Command being timed: "/projects/bgmp/evew/bioinfo/Bi621/PS/PS8/STAR_parser.py -f /projects/bgmp/evew/bioinfo/Bi623/QAA/STAR_out/Mouse_QAA_new_28_4D_mbnl_S20_L008_Aligned.out.sam"
	User time (seconds): 22.05
	System time (seconds): 2.03
	Percent of CPU this job got: 97%
	Elapsed (wall clock) time (h:mm:ss or m:ss): 0:24.64
	Average shared text size (kbytes): 0
	Average unshared data size (kbytes): 0
	Average stack size (kbytes): 0
	Average total size (kbytes): 0
	Maximum resident set size (kbytes): 9248
	Average resident set size (kbytes): 0
	Major (requiring I/O) page faults: 0
	Minor (reclaiming a frame) page faults: 1927
	Voluntary context switches: 134
	Involuntary context switches: 15
	Swaps: 0
	File system inputs: 0
	File system outputs: 0
	Socket messages sent: 0
	Socket messages received: 0
	Signals delivered: 0
	Page size (bytes): 4096
	Exit status: 0
Number of mapped reads: 12359959
Number of unmapped reads: 496079
	Command being timed: "/projects/bgmp/evew/bioinfo/Bi621/PS/PS8/STAR_parser.py -f /projects/bgmp/evew/bioinfo/Bi623/QAA/STAR_out/Mouse_QAA_new_3_2B_control_S3_L008_Aligned.out.sam"
	User time (seconds): 11.90
	System time (seconds): 1.18
	Percent of CPU this job got: 99%
	Elapsed (wall clock) time (h:mm:ss or m:ss): 0:13.20
	Average shared text size (kbytes): 0
	Average unshared data size (kbytes): 0
	Average stack size (kbytes): 0
	Average total size (kbytes): 0
	Maximum resident set size (kbytes): 9144
	Average resident set size (kbytes): 0
	Major (requiring I/O) page faults: 0
	Minor (reclaiming a frame) page faults: 1922
	Voluntary context switches: 131
	Involuntary context switches: 11
	Swaps: 0
	File system inputs: 0
	File system outputs: 0
	Socket messages sent: 0
	Socket messages received: 0
	Signals delivered: 0
	Page size (bytes): 4096
	Exit status: 0
